f:\minips\minips\x64\debug\qrc_minips.obj
f:\minips\minips\x64\debug\moc_minips.obj
f:\minips\minips\x64\debug\minips.obj
f:\minips\minips\x64\debug\main.obj
f:\minips\minips\x64\debug\vc141.pdb
f:\minips\minips\x64\debug\app.obj
f:\minips\minips\x64\debug\viewmodel.obj
f:\minips\minips\x64\debug\model.obj
f:\minips\x64\debug\minips.exe
f:\minips\x64\debug\minips.ilk
f:\minips\x64\debug\minips.pdb
f:\minips\minips\generatedfiles\debug\moc_minips.cpp
f:\minips\minips\generatedfiles\qrc_minips.cpp
f:\minips\minips\generatedfiles\ui_minips.h
f:\minips\minips\x64\debug\minips.tlog\cl.command.1.tlog
f:\minips\minips\x64\debug\minips.tlog\cl.read.1.tlog
f:\minips\minips\x64\debug\minips.tlog\cl.write.1.tlog
f:\minips\minips\x64\debug\minips.tlog\link.command.1.tlog
f:\minips\minips\x64\debug\minips.tlog\link.read.1.tlog
f:\minips\minips\x64\debug\minips.tlog\link.write.1.tlog
f:\minips\minips\x64\debug\minips.tlog\minips.write.1u.tlog
