  app.cpp
  main.cpp
  Model.cpp
  ViewModel.cpp
  MiniPS.cpp
MiniPS.obj : error LNK2001: 无法解析的外部符号 "private: void __cdecl cv::String::deallocate(void)" (?deallocate@String@cv@@AEAAXXZ)
app.obj : error LNK2001: 无法解析的外部符号 "private: void __cdecl cv::String::deallocate(void)" (?deallocate@String@cv@@AEAAXXZ)
main.obj : error LNK2001: 无法解析的外部符号 "private: void __cdecl cv::String::deallocate(void)" (?deallocate@String@cv@@AEAAXXZ)
Model.obj : error LNK2001: 无法解析的外部符号 "private: void __cdecl cv::String::deallocate(void)" (?deallocate@String@cv@@AEAAXXZ)
ViewModel.obj : error LNK2001: 无法解析的外部符号 "private: void __cdecl cv::String::deallocate(void)" (?deallocate@String@cv@@AEAAXXZ)
Model.obj : error LNK2019: 无法解析的外部符号 "void __cdecl cv::fastFree(void *)" (?fastFree@cv@@YAXPEAX@Z)，该符号在函数 "public: __cdecl cv::Mat::~Mat(void)" (??1Mat@cv@@QEAA@XZ) 中被引用
ViewModel.obj : error LNK2001: 无法解析的外部符号 "void __cdecl cv::fastFree(void *)" (?fastFree@cv@@YAXPEAX@Z)
Model.obj : error LNK2019: 无法解析的外部符号 "private: char * __cdecl cv::String::allocate(unsigned __int64)" (?allocate@String@cv@@AEAAPEAD_K@Z)，该符号在函数 "public: __cdecl cv::String::String(class std::basic_string<char,struct std::char_traits<char>,class std::allocator<char> > const &)" (??0String@cv@@QEAA@AEBV?$basic_string@DU?$char_traits@D@std@@V?$allocator@D@2@@std@@@Z) 中被引用
ViewModel.obj : error LNK2001: 无法解析的外部符号 "private: char * __cdecl cv::String::allocate(unsigned __int64)" (?allocate@String@cv@@AEAAPEAD_K@Z)
Model.obj : error LNK2019: 无法解析的外部符号 "void __cdecl cv::error(int,class cv::String const &,char const *,char const *,int)" (?error@cv@@YAXHAEBVString@1@PEBD1H@Z)，该符号在函数 "public: class cv::Mat & __cdecl cv::Mat::operator=(class cv::Mat &&)" (??4Mat@cv@@QEAAAEAV01@$$QEAV01@@Z) 中被引用
ViewModel.obj : error LNK2001: 无法解析的外部符号 "void __cdecl cv::error(int,class cv::String const &,char const *,char const *,int)" (?error@cv@@YAXHAEBVString@1@PEBD1H@Z)
Model.obj : error LNK2019: 无法解析的外部符号 "public: void __cdecl cv::Mat::deallocate(void)" (?deallocate@Mat@cv@@QEAAXXZ)，该符号在函数 "public: void __cdecl cv::Mat::release(void)" (?release@Mat@cv@@QEAAXXZ) 中被引用
ViewModel.obj : error LNK2001: 无法解析的外部符号 "public: void __cdecl cv::Mat::deallocate(void)" (?deallocate@Mat@cv@@QEAAXXZ)
Model.obj : error LNK2019: 无法解析的外部符号 "class cv::Mat __cdecl cv::imread(class cv::String const &,int)" (?imread@cv@@YA?AVMat@1@AEBVString@1@H@Z)，该符号在函数 "public: bool __cdecl Model::OpenFile(class std::basic_string<char,struct std::char_traits<char>,class std::allocator<char> > const &)" (?OpenFile@Model@@QEAA_NAEBV?$basic_string@DU?$char_traits@D@std@@V?$allocator@D@2@@std@@@Z) 中被引用
ViewModel.obj : error LNK2019: 无法解析的外部符号 "public: void __cdecl cv::Mat::copySize(class cv::Mat const &)" (?copySize@Mat@cv@@QEAAXAEBV12@@Z)，该符号在函数 "public: __cdecl cv::Mat::Mat(class cv::Mat const &)" (??0Mat@cv@@QEAA@AEBV01@@Z) 中被引用
ViewModel.obj : error LNK2019: 无法解析的外部符号 "void __cdecl cv::cvtColor(class cv::debug_build_guard::_InputArray const &,class cv::debug_build_guard::_OutputArray const &,int,int)" (?cvtColor@cv@@YAXAEBV_InputArray@debug_build_guard@1@AEBV_OutputArray@31@HH@Z)，该符号在函数 "public: class QImage __cdecl ViewModel::MatToQImage(class cv::Mat)" (?MatToQImage@ViewModel@@QEAA?AVQImage@@VMat@cv@@@Z) 中被引用
F:\MiniPS\x64\Debug\\MiniPS.exe : fatal error LNK1120: 8 个无法解析的外部命令
